#
# There is insufficient memory for the Java Runtime Environment to continue.
# Native memory allocation (mmap) failed to map 33554432 bytes for G1 virtual space
# Possible reasons:
#   The system is out of physical RAM or swap space
#   The process is running with CompressedOops enabled, and the Java Heap may be blocking the growth of the native heap
# Possible solutions:
#   Reduce memory load on the system
#   Increase physical memory or swap space
#   Check if swap backing store is full
#   Decrease Java heap size (-Xmx/-Xms)
#   Decrease number of Java threads
#   Decrease Java thread stack sizes (-Xss)
#   Set larger code cache with -XX:ReservedCodeCacheSize=
#   JVM is running with Unscaled Compressed Oops mode in which the Java heap is
#     placed in the first 4GB address space. The Java Heap base address is the
#     maximum limit for the native heap growth. Please use -XX:HeapBaseMinAddress
#     to set the Java Heap base and to place the Java Heap above 4GB virtual address.
# This output file may be truncated or incomplete.
#
#  Out of Memory Error (./open/src/hotspot/os/windows/os_windows.cpp:3472), pid=14796, tid=14348
#
# JRE version:  (15.0+36) (build )
# Java VM: Java HotSpot(TM) 64-Bit Server VM (15+36-1562, mixed mode, sharing, tiered, compressed oops, g1 gc, windows-amd64)
# No core dump will be written. Minidumps are not enabled by default on client versions of Windows
#

---------------  S U M M A R Y ------------

Command Line: -XX:+ShowCodeDetailsInExceptionMessages -agentlib:jdwp=transport=dt_socket,suspend=y,address=localhost:51643 -javaagent:C:\Users\gabyb\eclipse\java-2020-09\eclipse\configuration\org.eclipse.osgi\215\0\.cp\lib\javaagent-shaded.jar -Dfile.encoding=UTF-8 Operacoes

Host: Intel(R) Atom(TM) x5-Z8350  CPU @ 1.44GHz, 4 cores, 1G,  Windows 10 , 64 bit Build 18362 (10.0.18362.1110)
Time: Tue Nov  3 16:02:28 2020 Hora oficial do Brasil elapsed time: 0.696171 seconds (0d 0h 0m 0s)

---------------  T H R E A D  ---------------

Current thread (0x0000026d176a5ed0):  JavaThread "Unknown thread" [_thread_in_vm, id=14348, stack(0x0000009e0a200000,0x0000009e0a300000)]

Stack: [0x0000009e0a200000,0x0000009e0a300000]
Native frames: (J=compiled Java code, j=interpreted, Vv=VM code, C=native code)
V  [jvm.dll+0x629eaa]
V  [jvm.dll+0x780379]
V  [jvm.dll+0x781ad3]
V  [jvm.dll+0x782133]
V  [jvm.dll+0x2159d5]
V  [jvm.dll+0x627299]
V  [jvm.dll+0x61bdd5]
V  [jvm.dll+0x2cf96d]
V  [jvm.dll+0x2cf7d2]
V  [jvm.dll+0x2d57ac]
V  [jvm.dll+0x32523a]
V  [jvm.dll+0x324904]
V  [jvm.dll+0x2a68ea]
V  [jvm.dll+0x2a7a88]
V  [jvm.dll+0x75d0f1]
V  [jvm.dll+0x333af4]
V  [jvm.dll+0x73d816]
V  [jvm.dll+0x3b68e7]
V  [jvm.dll+0x3b8371]
C  [jli.dll+0x52fb]
C  [ucrtbase.dll+0x210b2]
C  [KERNEL32.DLL+0x17c24]
C  [ntdll.dll+0x6cea1]


---------------  P R O C E S S  ---------------

Threads class SMR info:
_java_thread_list=0x00007ffdaf432fa0, length=0, elements={
}

Java Threads: ( => current thread )

Other Threads:
  0x0000026d176cb170 GCTaskThread "GC Thread#0" [stack: 0x0000009e0a300000,0x0000009e0a400000] [id=2364]
  0x0000026d176d0110 ConcurrentGCThread "G1 Main Marker" [stack: 0x0000009e0a400000,0x0000009e0a500000] [id=2784]
  0x0000026d176d1570 ConcurrentGCThread "G1 Conc#0" [stack: 0x0000009e0a500000,0x0000009e0a600000] [id=12544]

[error occurred during error reporting (printing all threads), id 0xc0000005, EXCEPTION_ACCESS_VIOLATION (0xc0000005) at pc=0x00007ffdaec277b7]

VM state: not at safepoint (not fully initialized)

VM Mutex/Monitor currently owned by a thread:  ([mutex/lock_event])
[0x0000026d176a0320] Heap_lock - owner thread: 0x0000026d176a5ed0

Heap address: 0x00000000e1200000, size: 494 MB, Compressed Oops mode: 32-bit
CDS archive(s) mapped at: [0x0000000000000000-0x0000000000000000-0x0000000000000000), size 0, SharedBaseAddress: 0x0000000800000000, ArchiveRelocationMode: 0.
Narrow klass base: 0x0000000000000000, Narrow klass shift: 0, Narrow klass range: 0x0

Heap:
 garbage-first heap   total 32768K, used 0K [0x00000000e1200000, 0x0000000100000000)
  region size 1024K, 0 young (0K), 0 survivors (0K)
 Metaspace       used 0K, capacity 0K, committed 0K, reserved 0K
  class space    used 0K, capacity 0K, committed 0K, reserved 0K

Heap Regions: E=young(eden), S=young(survivor), O=old, HS=humongous(starts), HC=humongous(continues), CS=collection set, F=free, OA=open archive, CA=closed archive, TAMS=top-at-mark-start (previous, next)

Card table byte_map: [0x0000026d2e8d0000,0x0000026d2e9d0000] _byte_map_base: 0x0000026d2e1c7000

Marking Bits (Prev, Next): (CMBitMap*) 0x0000026d176cb8f0, (CMBitMap*) 0x0000026d176cb930
 Prev Bits: [0x0000026d2ead0000, 0x0000026d2f288000)
 Next Bits: [0x0000026d2f290000, 0x0000026d2fa48000)

GC Heap History (0 events):
No events

Deoptimization events (0 events):
No events

Classes unloaded (0 events):
No events

Classes redefined (0 events):
No events

Internal exceptions (0 events):
No events

Events (1 events):
Event: 0.439 Loaded shared library C:\Program Files\Java\jdk-15\bin\java.dll


Dynamic libraries:
0x00007ff627970000 - 0x00007ff62797f000 	C:\Program Files\Java\jdk-15\bin\javaw.exe
0x00007ffddab40000 - 0x00007ffddad30000 	C:\WINDOWS\SYSTEM32\ntdll.dll
0x00007ffdd8e40000 - 0x00007ffdd8ef2000 	C:\WINDOWS\System32\KERNEL32.DLL
0x00007ffdd8840000 - 0x00007ffdd8ae5000 	C:\WINDOWS\System32\KERNELBASE.dll
0x00007ffdd8af0000 - 0x00007ffdd8bea000 	C:\WINDOWS\System32\ucrtbase.dll
0x00007ffdd2b20000 - 0x00007ffdd2b38000 	C:\Program Files\Java\jdk-15\bin\jli.dll
0x00007ffdd8ff0000 - 0x00007ffdd9093000 	C:\WINDOWS\System32\ADVAPI32.dll
0x00007ffdda9b0000 - 0x00007ffddaa4e000 	C:\WINDOWS\System32\msvcrt.dll
0x00007ffdd8d40000 - 0x00007ffdd8dd7000 	C:\WINDOWS\System32\sechost.dll
0x00007ffdd93c0000 - 0x00007ffdd94e0000 	C:\WINDOWS\System32\RPCRT4.dll
0x00007ffdd9af0000 - 0x00007ffdd9c84000 	C:\WINDOWS\System32\USER32.dll
0x00007ffdd8760000 - 0x00007ffdd8781000 	C:\WINDOWS\System32\win32u.dll
0x00007ffdd9560000 - 0x00007ffdd9586000 	C:\WINDOWS\System32\GDI32.dll
0x00007ffdd7ad0000 - 0x00007ffdd7c66000 	C:\WINDOWS\System32\gdi32full.dll
0x00007ffdc0cb0000 - 0x00007ffdc0f34000 	C:\WINDOWS\WinSxS\amd64_microsoft.windows.common-controls_6595b64144ccf1df_6.0.18362.1139_none_9e7bf2d3e4605ac6\COMCTL32.dll
0x00007ffdd83f0000 - 0x00007ffdd848e000 	C:\WINDOWS\System32\msvcp_win.dll
0x00007ffdd9590000 - 0x00007ffdd98c5000 	C:\WINDOWS\System32\combase.dll
0x00007ffdd86e0000 - 0x00007ffdd8760000 	C:\WINDOWS\System32\bcryptPrimitives.dll
0x00007ffdd2330000 - 0x00007ffdd2349000 	C:\Program Files\Java\jdk-15\bin\VCRUNTIME140.dll
0x00007ffdc6910000 - 0x00007ffdc691a000 	C:\WINDOWS\SYSTEM32\VERSION.dll
0x00007ffdd8bf0000 - 0x00007ffdd8c1e000 	C:\WINDOWS\System32\IMM32.DLL
0x00007ffdd3cb0000 - 0x00007ffdd3cbc000 	C:\Program Files\Java\jdk-15\bin\vcruntime140_1.dll
0x00007ffdccee0000 - 0x00007ffdccf71000 	C:\Program Files\Java\jdk-15\bin\msvcp140.dll
0x00007ffdae970000 - 0x00007ffdaf4cc000 	C:\Program Files\Java\jdk-15\bin\server\jvm.dll
0x00007ffdd98d0000 - 0x00007ffdd98d8000 	C:\WINDOWS\System32\PSAPI.DLL
0x00007ffdd64d0000 - 0x00007ffdd64d9000 	C:\WINDOWS\SYSTEM32\WSOCK32.dll
0x00007ffdd9a80000 - 0x00007ffdd9aef000 	C:\WINDOWS\System32\WS2_32.dll
0x00007ffdcd1f0000 - 0x00007ffdcd214000 	C:\WINDOWS\SYSTEM32\WINMM.dll
0x00007ffdcd0f0000 - 0x00007ffdcd11d000 	C:\WINDOWS\SYSTEM32\WINMMBASE.dll
0x00007ffdd8690000 - 0x00007ffdd86da000 	C:\WINDOWS\System32\cfgmgr32.dll
0x00007ffdd7ab0000 - 0x00007ffdd7ac1000 	C:\WINDOWS\System32\kernel.appcore.dll
0x00007ffdd3120000 - 0x00007ffdd312a000 	C:\Program Files\Java\jdk-15\bin\jimage.dll
0x00007ffdd62d0000 - 0x00007ffdd64c4000 	C:\WINDOWS\SYSTEM32\DBGHELP.DLL
0x00007ffdd1690000 - 0x00007ffdd16ba000 	C:\WINDOWS\SYSTEM32\dbgcore.DLL
0x00007ffdccc20000 - 0x00007ffdccc59000 	C:\Program Files\Java\jdk-15\bin\jdwp.dll
0x00007ffdd05b0000 - 0x00007ffdd05be000 	C:\Program Files\Java\jdk-15\bin\instrument.dll
0x00007ffdd0000000 - 0x00007ffdd0025000 	C:\Program Files\Java\jdk-15\bin\java.dll

dbghelp: loaded successfully - version: 4.0.5 - missing functions: none
symbol engine: initialized successfully - sym options: 0x614 - pdb path: .;C:\Program Files\Java\jdk-15\bin;C:\WINDOWS\SYSTEM32;C:\WINDOWS\WinSxS\amd64_microsoft.windows.common-controls_6595b64144ccf1df_6.0.18362.1139_none_9e7bf2d3e4605ac6;C:\Program Files\Java\jdk-15\bin\server

VM Arguments:
jvm_args: -XX:+ShowCodeDetailsInExceptionMessages -agentlib:jdwp=transport=dt_socket,suspend=y,address=localhost:51643 -javaagent:C:\Users\gabyb\eclipse\java-2020-09\eclipse\configuration\org.eclipse.osgi\215\0\.cp\lib\javaagent-shaded.jar -Dfile.encoding=UTF-8 
java_command: Operacoes
java_class_path (initial): C:\Users\gabyb\Downloads\POO2-Projeto2B-main\Projeto2B-POO2020\bin;C:\Users\gabyb\.p2\pool\plugins\org.junit.jupiter.api_5.6.0.v20200203-2009.jar;C:\Users\gabyb\.p2\pool\plugins\org.junit.jupiter.engine_5.6.0.v20200203-2009.jar;C:\Users\gabyb\.p2\pool\plugins\org.junit.jupiter.migrationsupport_5.6.0.v20200203-2009.jar;C:\Users\gabyb\.p2\pool\plugins\org.junit.jupiter.params_5.6.0.v20200203-2009.jar;C:\Users\gabyb\.p2\pool\plugins\org.junit.platform.commons_1.6.0.v20200203-2009.jar;C:\Users\gabyb\.p2\pool\plugins\org.junit.platform.engine_1.6.0.v20200203-2009.jar;C:\Users\gabyb\.p2\pool\plugins\org.junit.platform.launcher_1.6.0.v20200203-2009.jar;C:\Users\gabyb\.p2\pool\plugins\org.junit.platform.runner_1.6.0.v20200203-2009.jar;C:\Users\gabyb\.p2\pool\plugins\org.junit.platform.suite.api_1.6.0.v20200203-2009.jar;C:\Users\gabyb\.p2\pool\plugins\org.junit.vintage.engine_5.6.0.v20200203-2009.jar;C:\Users\gabyb\.p2\pool\plugins\org.opentest4j_1.2.0.v20190826-0900.jar;C:\Users\gabyb\.p2\pool\plugins\org.apiguardian_1.1.0.v20190826-0900.jar;C:\Users\gabyb\.p2\pool\plugins\org.junit_4.13.0.v20200204-1500.jar;C:\Users\gabyb\.p2\pool\plugins\org.hamcrest.core_1.3.0.v20180420-1519.jar
Launcher Type: SUN_STANDARD

[Global flags]
     intx CICompilerCount                          = 3                                         {product} {ergonomic}
     uint ConcGCThreads                            = 1                                         {product} {ergonomic}
     uint G1ConcRefinementThreads                  = 4                                         {product} {ergonomic}
   size_t G1HeapRegionSize                         = 1048576                                   {product} {ergonomic}
    uintx GCDrainStackTargetSize                   = 64                                        {product} {ergonomic}
   size_t InitialHeapSize                          = 33554432                                  {product} {ergonomic}
   size_t MarkStackSize                            = 4194304                                   {product} {ergonomic}
   size_t MaxHeapSize                              = 517996544                                 {product} {ergonomic}
   size_t MinHeapDeltaBytes                        = 1048576                                   {product} {ergonomic}
   size_t MinHeapSize                              = 8388608                                   {product} {ergonomic}
    uintx NonNMethodCodeHeapSize                   = 5832780                                {pd product} {ergonomic}
    uintx NonProfiledCodeHeapSize                  = 122912730                              {pd product} {ergonomic}
    uintx ProfiledCodeHeapSize                     = 122912730                              {pd product} {ergonomic}
    uintx ReservedCodeCacheSize                    = 251658240                              {pd product} {ergonomic}
     bool SegmentedCodeCache                       = true                                      {product} {ergonomic}
     bool ShowCodeDetailsInExceptionMessages       = true                                   {manageable} {command line}
   size_t SoftMaxHeapSize                          = 517996544                              {manageable} {ergonomic}
     bool UseCompressedClassPointers               = true                                 {lp64_product} {ergonomic}
     bool UseCompressedOops                        = true                                 {lp64_product} {ergonomic}
     bool UseG1GC                                  = true                                      {product} {ergonomic}
     bool UseLargePagesIndividualAllocation        = false                                  {pd product} {ergonomic}

Logging:
Log output configuration:
 #0: stdout all=warning uptime,level,tags
 #1: stderr all=off uptime,level,tags

Environment Variables:
PATH=C:\Program Files\Common Files\Oracle\Java\javapath;C:\Program Files (x86)\Common Files\Oracle\Java\javapath;C:\WINDOWS\system32;C:\WINDOWS;C:\WINDOWS\System32\Wbem;C:\WINDOWS\System32\WindowsPowerShell\v1.0\;C:\WINDOWS\System32\OpenSSH\;C:\Program Files\MySQL\MySQL Shell 8.0\bin\;C:\Users\gabyb\AppData\Local\Microsoft\WindowsApps;
USERNAME=Gaby Barbosa
OS=Windows_NT
PROCESSOR_IDENTIFIER=Intel64 Family 6 Model 76 Stepping 4, GenuineIntel



---------------  S Y S T E M  ---------------

OS:
 Windows 10 , 64 bit Build 18362 (10.0.18362.1110)
OS uptime: 10 days 15:12 hours

CPU: total 4 (initial active 4) (4 cores per cpu, 1 threads per core) family 6 model 76 stepping 4, cmov, cx8, fxsr, mmx, sse, sse2, sse3, ssse3, sse4.1, sse4.2, popcnt, aes, clmul, erms, 3dnowpref, tsc, tscinvbit, clflush

Memory: 4k page, system-wide physical 1972M (381M free)
TotalPageFile size 5559M (AvailPageFile size 31M)
current process WorkingSet (physical memory assigned to process): 10M, peak: 10M
current process commit charge ("private bytes"): 51M, peak: 83M

vm_info: Java HotSpot(TM) 64-Bit Server VM (15+36-1562) for windows-amd64 JRE (15+36-1562), built on Aug 11 2020 22:38:02 by "mach5one" with unknown MS VC++:1925

END.
